[debug] [2020-07-30T06:07:26.270Z] ----------------------------------------------------------------------
[debug] [2020-07-30T06:07:26.273Z] Command:       /usr/local/bin/node /usr/local/bin/firebase deploy --only hosting:svp
[debug] [2020-07-30T06:07:26.273Z] CLI Version:   7.8.0
[debug] [2020-07-30T06:07:26.273Z] Platform:      linux
[debug] [2020-07-30T06:07:26.273Z] Node Version:  v8.13.0
[debug] [2020-07-30T06:07:26.273Z] Time:          Thu Jul 30 2020 02:07:26 GMT-0400 (EDT)
[debug] [2020-07-30T06:07:26.274Z] ----------------------------------------------------------------------
[debug] [2020-07-30T06:07:26.274Z] 
[debug] [2020-07-30T06:07:26.304Z] > command requires scopes: ["email","openid","https://www.googleapis.com/auth/cloudplatformprojects.readonly","https://www.googleapis.com/auth/firebase","https://www.googleapis.com/auth/cloud-platform"]
[debug] [2020-07-30T06:07:26.304Z] > authorizing via signed-in user
[debug] [2020-07-30T06:07:26.305Z] [iam] checking project decision-io for permissions ["firebase.projects.get","firebasehosting.sites.update"]
[debug] [2020-07-30T06:07:26.307Z] > refreshing access token with scopes: ["email","https://www.googleapis.com/auth/cloud-platform","https://www.googleapis.com/auth/cloudplatformprojects.readonly","https://www.googleapis.com/auth/firebase","openid"]
[debug] [2020-07-30T06:07:26.307Z] >>> HTTP REQUEST POST https://www.googleapis.com/oauth2/v3/token  
 <request body omitted>
[debug] [2020-07-30T06:07:26.526Z] <<< HTTP RESPONSE 200
[debug] [2020-07-30T06:07:26.532Z] >>> HTTP REQUEST POST https://cloudresourcemanager.googleapis.com/v1/projects/decision-io:testIamPermissions  

[debug] [2020-07-30T06:07:26.864Z] <<< HTTP RESPONSE 200
[debug] [2020-07-30T06:07:26.865Z] >>> HTTP REQUEST GET https://firebase.googleapis.com/v1beta1/projects/decision-io  
 
[debug] [2020-07-30T06:07:27.149Z] <<< HTTP RESPONSE 200
[info] 
[info] === Deploying to 'decision-io'...
[info] 
[info] i  deploying hosting
[info] 
[info] ✔  Deploy complete!
[info] 
[info] Project Console: https://console.firebase.google.com/project/decision-io/overview
[debug] [2020-07-30T06:07:27.305Z] TypeError: Cannot read property 'deploys' of undefined
    at /usr/local/lib/node_modules/firebase-tools/lib/deploy/index.js:84:36
    at <anonymous>
    at process._tickDomainCallback (internal/process/next_tick.js:229:7)
[error] 
[error] Error: An unexpected error has occurred.
